<?xml version="1.0" encoding="UTF-8"?>
<!-- Generated by org.testng.reporters.JUnitReportReporter -->
<testsuite hostname="Neeru-Pareek" failures="0" tests="1" name="Ex21092024.TestNGEx.TestNG01" time="0.175" errors="0" timestamp="2024-09-26T20:27:33 IST" skipped="0">
  <testcase classname="Ex21092024.TestNGEx.TestNG01" name="TC01" time="0.175"/>
  <system-out/>
</testsuite> <!-- Ex21092024.TestNGEx.TestNG01 -->
