<?xml version="1.0" encoding="UTF-8"?>
<!-- Generated by org.testng.reporters.JUnitReportReporter -->
<testsuite hostname="Neeru-Pareek" failures="0" tests="1" name="Ex21092024.TestNGEx.TestNG004" time="0.006" errors="0" timestamp="2024-09-26T20:27:33 IST" skipped="0">
  <testcase classname="Ex21092024.TestNGEx.TestNG004" name="smokeTest" time="0.006"/>
  <system-out/>
</testsuite> <!-- Ex21092024.TestNGEx.TestNG004 -->
